<?xml version="1.0" encoding="UTF-8"?>
<!-- Generated by org.testng.reporters.JUnitXMLReporter -->
<testsuite ignored="33" hostname="PS-L6" failures="0" tests="7" name="Default test" time="243.186" errors="0" timestamp="2025-07-12T12:20:56 IST">
  <testcase classname="com.report.test.transaction" name="testTIDInActionCardSummarypage" time="24.324"/>
  <testcase classname="com.report.test.transaction" name="testTIDInActionCardSummarypage" time="63.003"/>
  <testcase classname="com.report.test.transaction" name="testTIDInActionCardSummarypage" time="13.074"/>
  <testcase classname="com.report.test.transaction" name="testTIDInActionCardSummarypage" time="12.706"/>
  <testcase classname="com.report.test.transaction" name="testTIDInActionCardSummarypage" time="7.99"/>
  <testcase classname="com.report.test.transaction" name="testTIDInActionCardSummarypage" time="17.465"/>
  <testcase classname="com.report.test.transaction" name="testTIDInActionCardSummarypage" time="12.31"/>
  <testcase classname="com.report.test.transaction" name="endToEndFlowOfTransaction" time="0.0">
    <ignored/>
  </testcase> <!-- endToEndFlowOfTransaction -->
  <testcase classname="com.report.test.transaction" name="testClickFirstValid_TransactionOnCardOage" time="0.0">
    <ignored/>
  </testcase> <!-- testClickFirstValid_TransactionOnCardOage -->
  <testcase classname="com.report.test.transaction" name="iterateAllTable_Pages" time="0.0">
    <ignored/>
  </testcase> <!-- iterateAllTable_Pages -->
  <testcase classname="com.report.test.transaction" name="transactionUsingSelectStatus" time="0.0">
    <ignored/>
  </testcase> <!-- transactionUsingSelectStatus -->
  <testcase classname="com.report.test.transaction" name="verifyWeekFrequency" time="0.0">
    <ignored/>
  </testcase> <!-- verifyWeekFrequency -->
  <testcase classname="com.report.test.transaction" name="selectDate" time="0.0">
    <ignored/>
  </testcase> <!-- selectDate -->
  <testcase classname="com.report.test.transaction" name="selectMIDBasedOnBank" time="0.0">
    <ignored/>
  </testcase> <!-- selectMIDBasedOnBank -->
  <testcase classname="com.report.test.transaction" name="testClickFirstEmailOccurrence" time="0.0">
    <ignored/>
  </testcase> <!-- testClickFirstEmailOccurrence -->
  <testcase classname="com.report.test.transaction" name="selectCurrency" time="0.0">
    <ignored/>
  </testcase> <!-- selectCurrency -->
  <testcase classname="com.report.test.transaction" name="verifyErrorIn_downloadInvoice" time="0.0">
    <ignored/>
  </testcase> <!-- verifyErrorIn_downloadInvoice -->
  <testcase classname="com.report.test.transaction" name="verifyPurchaseID_EmailSummaryPage" time="0.0">
    <ignored/>
  </testcase> <!-- verifyPurchaseID_EmailSummaryPage -->
  <testcase classname="com.report.test.transaction" name="verifyCustomeIPS_Frequency" time="0.0">
    <ignored/>
  </testcase> <!-- verifyCustomeIPS_Frequency -->
  <testcase classname="com.report.test.transaction" name="filter_Transaction_And_Open_Detail_Page" time="0.0">
    <ignored/>
  </testcase> <!-- filter_Transaction_And_Open_Detail_Page -->
  <testcase classname="com.report.test.transaction" name="verifyTotal_frequency" time="0.0">
    <ignored/>
  </testcase> <!-- verifyTotal_frequency -->
  <testcase classname="com.report.test.transaction" name="verifyYearFrequency" time="0.0">
    <ignored/>
  </testcase> <!-- verifyYearFrequency -->
  <testcase classname="com.report.test.transaction" name="testClickFirstEmailOccurrenceOf_Card" time="0.0">
    <ignored/>
  </testcase> <!-- testClickFirstEmailOccurrenceOf_Card -->
  <testcase classname="com.report.test.transaction" name="selectTimeZoneAndVerify" time="0.0">
    <ignored/>
  </testcase> <!-- selectTimeZoneAndVerify -->
  <testcase classname="com.report.test.transaction" name="verify_downloadInvoice" time="0.0">
    <ignored/>
  </testcase> <!-- verify_downloadInvoice -->
  <testcase classname="com.report.test.transaction" name="status" time="0.0">
    <ignored/>
  </testcase> <!-- status -->
  <testcase classname="com.report.test.transaction" name="transactionUsingSelectBank" time="0.0">
    <ignored/>
  </testcase> <!-- transactionUsingSelectBank -->
  <testcase classname="com.report.test.transaction" name="verifyCustomers_Merchant_Frequency" time="0.0">
    <ignored/>
  </testcase> <!-- verifyCustomers_Merchant_Frequency -->
  <testcase classname="com.report.test.transaction" name="allActionOnTransactionPage" time="0.0">
    <ignored/>
  </testcase> <!-- allActionOnTransactionPage -->
  <testcase classname="com.report.test.transaction" name="verifyCustomerDeviceID_frequency" time="0.0">
    <ignored/>
  </testcase> <!-- verifyCustomerDeviceID_frequency -->
  <testcase classname="com.report.test.transaction" name="verifyCustomerCountries_Frequency" time="0.0">
    <ignored/>
  </testcase> <!-- verifyCustomerCountries_Frequency -->
  <testcase classname="com.report.test.transaction" name="selectDateRangeToAndFrom" time="0.0">
    <ignored/>
  </testcase> <!-- selectDateRangeToAndFrom -->
  <testcase classname="com.report.test.transaction" name="verifyCustomerCard_Frequency" time="0.0">
    <ignored/>
  </testcase> <!-- verifyCustomerCard_Frequency -->
  <testcase classname="com.report.test.transaction" name="verifyMonthFrequency" time="0.0">
    <ignored/>
  </testcase> <!-- verifyMonthFrequency -->
  <testcase classname="com.report.test.transaction" name="validtePaginationInEmailSummaryPage" time="0.0">
    <ignored/>
  </testcase> <!-- validtePaginationInEmailSummaryPage -->
  <testcase classname="com.report.test.transaction" name="transactionUsingSelectMerchant" time="0.0">
    <ignored/>
  </testcase> <!-- transactionUsingSelectMerchant -->
  <testcase classname="com.report.test.transaction" name="testTIDInHistoryCardSummarypage" time="0.0">
    <ignored/>
  </testcase> <!-- testTIDInHistoryCardSummarypage -->
  <testcase classname="com.report.test.transaction" name="verifyTransaCTIONidIn_ActionPage" time="0.0">
    <ignored/>
  </testcase> <!-- verifyTransaCTIONidIn_ActionPage -->
  <testcase classname="com.report.test.transaction" name="verifyDayFrequency" time="0.0">
    <ignored/>
  </testcase> <!-- verifyDayFrequency -->
  <testcase classname="com.report.test.transaction" name="verifyAmount_Frequency" time="0.0">
    <ignored/>
  </testcase> <!-- verifyAmount_Frequency -->
</testsuite> <!-- Default test -->
