<?xml version="1.0" encoding="UTF-8"?>
<!-- Generated by org.testng.reporters.JUnitXMLReporter -->
<testsuite ignored="39" hostname="PS-L6" failures="0" tests="0" time="0.02" errors="0" timestamp="2025-07-11T11:26:00 IST">
  <testcase classname="com.report.test.transaction" name="allActionOnTransactionPage" time="0.0">
    <ignored/>
  </testcase> <!-- allActionOnTransactionPage -->
  <testcase classname="com.report.test.transaction" name="verifyErrorIn_downloadInvoice" time="0.0">
    <ignored/>
  </testcase> <!-- verifyErrorIn_downloadInvoice -->
  <testcase classname="com.report.test.transaction" name="status" time="0.0">
    <ignored/>
  </testcase> <!-- status -->
  <testcase classname="com.report.test.transaction" name="verifyCustomerDeviceID_frequency" time="0.0">
    <ignored/>
  </testcase> <!-- verifyCustomerDeviceID_frequency -->
  <testcase classname="com.report.test.transaction" name="verifyAmount_Frequency" time="0.0">
    <ignored/>
  </testcase> <!-- verifyAmount_Frequency -->
  <testcase classname="com.report.test.transaction" name="verifyCustomerCard_Frequency" time="0.0">
    <ignored/>
  </testcase> <!-- verifyCustomerCard_Frequency -->
  <testcase classname="com.paysecure.base.baseClass" name="@BeforeSuite loadConfig" time="0.0">
    <ignored/>
  </testcase> <!-- @BeforeSuite loadConfig -->
  <testcase classname="com.report.test.transaction" name="selectDateRangeToAndFrom" time="0.0">
    <ignored/>
  </testcase> <!-- selectDateRangeToAndFrom -->
  <testcase classname="com.report.test.transaction" name="filter_Transaction_And_Open_Detail_Page" time="0.0">
    <ignored/>
  </testcase> <!-- filter_Transaction_And_Open_Detail_Page -->
  <testcase classname="com.paysecure.base.baseClass" name="@BeforeSuite loadConfig" time="0.0">
    <ignored/>
  </testcase> <!-- @BeforeSuite loadConfig -->
  <testcase classname="com.report.test.transaction" name="selectTimeZoneAndVerify" time="0.0">
    <ignored/>
  </testcase> <!-- selectTimeZoneAndVerify -->
  <testcase classname="com.report.test.transaction" name="testClickFirstEmailOccurrence" time="0.0">
    <ignored/>
  </testcase> <!-- testClickFirstEmailOccurrence -->
  <testcase classname="com.report.test.transaction" name="verifyCustomers_Merchant_Frequency" time="0.0">
    <ignored/>
  </testcase> <!-- verifyCustomers_Merchant_Frequency -->
  <testcase classname="com.report.test.transaction" name="validtePaginationInEmailSummaryPage" time="0.0">
    <ignored/>
  </testcase> <!-- validtePaginationInEmailSummaryPage -->
  <testcase classname="com.report.test.transaction" name="transactionUsingSelectBank" time="0.0">
    <ignored/>
  </testcase> <!-- transactionUsingSelectBank -->
  <testcase classname="com.report.test.transactionLog" name="verify_purchaseIDJson" time="0.0">
    <ignored/>
  </testcase> <!-- verify_purchaseIDJson -->
  <testcase classname="com.report.test.transaction" name="verifyTransaCTIONidIn_ActionPage" time="0.0">
    <ignored/>
  </testcase> <!-- verifyTransaCTIONidIn_ActionPage -->
  <testcase classname="com.report.test.transaction" name="verifyCustomerCountries_Frequency" time="0.0">
    <ignored/>
  </testcase> <!-- verifyCustomerCountries_Frequency -->
  <testcase classname="com.report.test.transaction" name="transactionUsingSelectMerchant" time="0.0">
    <ignored/>
  </testcase> <!-- transactionUsingSelectMerchant -->
  <testcase classname="com.report.test.apiLog" name="verifyAPILog" time="0.0">
    <ignored/>
  </testcase> <!-- verifyAPILog -->
  <testcase classname="com.report.test.transaction" name="verifyCustomeIPS_Frequency" time="0.0">
    <ignored/>
  </testcase> <!-- verifyCustomeIPS_Frequency -->
  <testcase classname="com.report.test.transaction" name="transactionUsingSelectStatus" time="0.0">
    <ignored/>
  </testcase> <!-- transactionUsingSelectStatus -->
  <testcase classname="com.report.test.transaction" name="verifyWeekFrequency" time="0.0">
    <ignored/>
  </testcase> <!-- verifyWeekFrequency -->
  <testcase classname="com.report.test.transaction" name="verifyDayFrequency" time="0.0">
    <ignored/>
  </testcase> <!-- verifyDayFrequency -->
  <testcase classname="com.report.test.transaction" name="verifyMonthFrequency" time="0.0">
    <ignored/>
  </testcase> <!-- verifyMonthFrequency -->
  <testcase classname="com.report.test.transaction" name="selectMIDBasedOnBank" time="0.0">
    <ignored/>
  </testcase> <!-- selectMIDBasedOnBank -->
  <testcase classname="com.report.test.transaction" name="iterateAllTable_Pages" time="0.0">
    <ignored/>
  </testcase> <!-- iterateAllTable_Pages -->
  <testcase classname="com.paysecure.base.baseClass" name="@BeforeSuite loadConfig" time="0.0">
    <ignored/>
  </testcase> <!-- @BeforeSuite loadConfig -->
  <testcase classname="com.report.test.transactionLog" name="verifyTransactionLog" time="0.0">
    <ignored/>
  </testcase> <!-- verifyTransactionLog -->
  <testcase classname="com.report.test.transaction" name="verifyPurchaseID_EmailSummaryPage" time="0.0">
    <ignored/>
  </testcase> <!-- verifyPurchaseID_EmailSummaryPage -->
  <testcase classname="com.report.test.bankTransactionTime" name="verifyBankTransactionTimeReport" time="0.0">
    <ignored/>
  </testcase> <!-- verifyBankTransactionTimeReport -->
  <testcase classname="com.report.test.transaction" name="verifyYearFrequency" time="0.0">
    <ignored/>
  </testcase> <!-- verifyYearFrequency -->
  <testcase classname="com.report.test.transaction" name="endToEndFlowOfTransaction" time="0.0">
    <ignored/>
  </testcase> <!-- endToEndFlowOfTransaction -->
  <testcase classname="com.report.test.transaction" name="verifyTotal_frequency" time="0.0">
    <ignored/>
  </testcase> <!-- verifyTotal_frequency -->
  <testcase classname="com.report.test.download" name="downloadTransaction" time="0.0">
    <ignored/>
  </testcase> <!-- downloadTransaction -->
  <testcase classname="com.report.test.transaction" name="selectDate" time="0.0">
    <ignored/>
  </testcase> <!-- selectDate -->
  <testcase classname="com.report.test.transaction" name="verify_downloadInvoice" time="0.0">
    <ignored/>
  </testcase> <!-- verify_downloadInvoice -->
  <testcase classname="com.paysecure.base.baseClass" name="@BeforeSuite loadConfig" time="0.0">
    <ignored/>
  </testcase> <!-- @BeforeSuite loadConfig -->
  <testcase classname="com.report.test.transaction" name="selectCurrency" time="0.0">
    <ignored/>
  </testcase> <!-- selectCurrency -->
</testsuite>
