<?xml version="1.0" encoding="UTF-8"?>
<testng-results ignored="22" total="23" passed="1" failed="0" skipped="0">
  <reporter-output>
    <line>
      <![CDATA[User enter ID in Username field]]>
    </line>
    <line>
      <![CDATA[User Enter Password in password field]]>
    </line>
    <line>
      <![CDATA[Click on submit button in login page]]>
    </line>
    <line>
      <![CDATA[Click on the Date range]]>
    </line>
    <line>
      <![CDATA[select date range :- Last 7 Days]]>
    </line>
    <line>
      <![CDATA[User click on Search Buttton]]>
    </line>
  </reporter-output>
  <suite started-at="2025-07-17T17:42:17 IST" name="Default suite" finished-at="2025-07-17T17:42:37 IST" duration-ms="20312">
    <groups>
    </groups>
    <test started-at="2025-07-17T17:42:17 IST" name="Default test" finished-at="2025-07-17T17:42:37 IST" duration-ms="20312">
      <class name="com.report.test.transaction">
        <test-method is-config="true" signature="loadConfig()[pri:0, instance:com.report.test.transaction@3b74ac8]" started-at="2025-07-17T17:42:17 IST" name="loadConfig" finished-at="2025-07-17T17:42:17 IST" duration-ms="15" status="PASS">
          <reporter-output>
          </reporter-output>
        </test-method> <!-- loadConfig -->
        <test-method is-config="true" signature="setup()[pri:0, instance:com.report.test.transaction@3b74ac8]" started-at="2025-07-17T17:42:17 IST" name="setup" finished-at="2025-07-17T17:42:22 IST" duration-ms="5511" status="PASS">
          <reporter-output>
          </reporter-output>
        </test-method> <!-- setup -->
        <test-method is-config="true" signature="setUp()[pri:0, instance:com.report.test.transaction@3b74ac8]" started-at="2025-07-17T17:42:22 IST" name="setUp" finished-at="2025-07-17T17:42:30 IST" duration-ms="7561" status="PASS">
          <reporter-output>
            <line>
              <![CDATA[User enter ID in Username field]]>
            </line>
            <line>
              <![CDATA[User Enter Password in password field]]>
            </line>
            <line>
              <![CDATA[Click on submit button in login page]]>
            </line>
          </reporter-output>
        </test-method> <!-- setUp -->
        <test-method signature="testTIDInActionCardSummarypage(java.lang.String)[pri:0, instance:com.report.test.transaction@3b74ac8]" started-at="2025-07-17T17:42:30 IST" name="testTIDInActionCardSummarypage" data-provider="cardNames" finished-at="2025-07-17T17:42:37 IST" duration-ms="7112" status="PASS">
          <params>
            <param index="0">
              <value>
                <![CDATA[PIX]]>
              </value>
            </param>
          </params>
          <reporter-output>
            <line>
              <![CDATA[Click on the Date range]]>
            </line>
            <line>
              <![CDATA[select date range :- Last 7 Days]]>
            </line>
            <line>
              <![CDATA[User click on Search Buttton]]>
            </line>
          </reporter-output>
        </test-method> <!-- testTIDInActionCardSummarypage -->
        <test-method is-config="true" signature="tearDown()[pri:0, instance:com.report.test.transaction@3b74ac8]" started-at="2025-07-17T17:42:37 IST" name="tearDown" finished-at="2025-07-17T17:42:37 IST" duration-ms="1" status="PASS">
          <reporter-output>
          </reporter-output>
        </test-method> <!-- tearDown -->
      </class> <!-- com.report.test.transaction -->
    </test> <!-- Default test -->
  </suite> <!-- Default suite -->
</testng-results>
